<?xml version="1.0" encoding="UTF-8"?>
<!-- Generated by org.testng.reporters.JUnitReportReporter -->
<testsuite hostname="DESKTOP-6N2FK7G" name="runPage.Button" tests="1" failures="0" timestamp="22 Jan 2023 02:31:20 GMT" time="7.178" errors="0">
  <testcase name="Helpform" time="7.178" classname="runPage.Button"/>
</testsuite> <!-- runPage.Button -->
