<?xml version="1.0" encoding="UTF-8"?>
<!-- Generated by org.testng.reporters.JUnitReportReporter -->
<testsuite hostname="DESKTOP-6N2FK7G" name="Academy.runpage1" tests="2" failures="0" timestamp="22 Jan 2023 14:00:55 GMT" time="15.197" errors="0">
  <testcase name="Timer" time="6.420" classname="Academy.runpage1"/>
  <testcase name="Helpform" time="8.777" classname="Academy.runpage1"/>
</testsuite> <!-- Academy.runpage1 -->
